
 -----------------------------------------------
      Restrained ESP Fit 2.3  Amber 4.1
 -----------------------------------------------
 capped-resp run #1                                                              
 -----------------------------------------------


 inopt       =     0   ioutopt     =     0
 nmol        =     1   iqopt       =     2
 ihfree      =     1   irstrnt     =     1
 iunits      =     0   qwt         =   0.00050000
 wtmol(1) =     1.000000
 subtitle:

KM3                                                                             
ich =   1  iuniq =  43
    1    6   -1
    2    1   -1
    3    1   -1
    4    1   -1
    5    6   -1
    6    8   -1
    7    7   -1
    8    1   -1
    9    6   -1
   10    6   -1
   11    8   -1
   12    6    0
   13    6    0
   14    6    0
   15    6    0
   16    7    0
   17    6    0
   18    6   17
   19    6   17
   20    1   -1
   21    1    0
   22    1   21
   23    1    0
   24    1   23
   25    1    0
   26    1   25
   27    1    0
   28    1   27
   29    1    0
   30    1   29
   31    1   29
   32    1   29
   33    1   29
   34    1   29
   35    1   29
   36    1   29
   37    1   29
   38    7   -1
   39    1   -1
   40    6   -1
   41    1   -1
   42    1   -1
   43    1   -1
 new q0 values to be read  43

  ----------------------------------------------------------------------------
     ATOM                       COORDINATES                         CHARGE
                       X             Y                Z
  ----------------------------------------------------------------------------
  ----------------------------------------------------------------------------


 Charge on the molecule(ich) =    1
 Total number of atoms (iuniq)     =   43
 Weight factor on initial charge restraints(qwt)=     0.50000D-03


  there are  1 charge constraints:


     1       1
     2       1
     3       1
     4       1
     5       1
     6       1
     7       1
     8       1
     9       1
    10       1
    11       1
    12       1
    13       1
    14       1
    15       1
    16       1
    17       1
    18       1
    19       1
    20       1
    21       1
    22       1
    23       1
    24       1
    25       1
    26       1
    27       1
    28       1
    29       1
    30       1
    31       1
    32       1
    33       1
    34       1
    35       1
    36       1
    37       1
    38       1
    39       1
    40       1
    41       1
    42       1
    43       1

 Reading esp"s for molecule   1
 total number of atoms      =    43
 total number of esp points =  1597


 center     X       Y       Z 
    1   0.8315777E+01  -0.5363269E+01   0.1023094E+01
    2   0.9244955E+01  -0.4345502E+01   0.2564339E+01
    3   0.9735129E+01  -0.5900874E+01  -0.3803999E+00
    4   0.7499463E+01  -0.7112942E+01   0.1765741E+01
    5   0.6257274E+01  -0.3854141E+01  -0.2849216E+00
    6   0.5113907E+01  -0.4639958E+01  -0.2132968E+01
    7   0.5774466E+01  -0.1489357E+01   0.7147265E+00
    8   0.6450854E+01  -0.1084912E+01   0.2457893E+01
    9   0.3660416E+01   0.7504102E-02  -0.2323380E+00
   10   0.4190577E+01   0.2864042E+01   0.3863734E-01
   11   0.2485313E+01   0.4367380E+01   0.5221181E+00
   12   0.1111320E+01  -0.7447278E+00   0.9645237E+00
   13  -0.1163206E+01   0.1075613E+00  -0.6209394E+00
   14  -0.3697644E+01  -0.5873797E+00   0.6306167E+00
   15  -0.5861715E+01   0.3495483E+00  -0.1028447E+01
   16  -0.8557303E+01  -0.1147971E+00  -0.4323693E-01
   17  -0.1038737E+02   0.9341993E+00  -0.1960213E+01
   18  -0.9055913E+01  -0.2899974E+01   0.2738780E+00
   19  -0.8971907E+01   0.1214200E+01   0.2441127E+01
   20   0.3570618E+01  -0.4299731E+00  -0.2257142E+01
   21   0.1094692E+01  -0.2808380E+01   0.1138970E+01
   22   0.9808528E+00   0.6142932E-01   0.2869968E+01
   23  -0.1050410E+01   0.2154998E+01  -0.8803496E+00
   24  -0.1055412E+01  -0.7783933E+00  -0.2496213E+01
   25  -0.3797280E+01  -0.2640726E+01   0.8916597E+00
   26  -0.3773966E+01   0.2898254E+00   0.2505775E+01
   27  -0.5728279E+01   0.2393619E+01  -0.1304191E+01
   28  -0.5800899E+01  -0.5533609E+00  -0.2887076E+01
   29  -0.1094099E+02   0.9674452E+00   0.3001282E+01
   30  -0.7732950E+01   0.3990062E+00   0.3867438E+01
   31  -0.8551894E+01   0.3218834E+01   0.2202714E+01
   32  -0.1231299E+02   0.6258111E+00  -0.1290288E+01
   33  -0.1003419E+02   0.2952621E+01  -0.2186436E+01
   34  -0.1010247E+02  -0.3538134E-01  -0.3757057E+01
   35  -0.1102429E+02  -0.3160032E+01   0.8306272E+00
   36  -0.8700047E+01  -0.3849459E+01  -0.1521643E+01
   37  -0.7812518E+01  -0.3654545E+01   0.1729575E+01
   38   0.6630170E+01   0.3549657E+01  -0.3443931E+00
   39   0.7879532E+01   0.2167610E+01  -0.7693849E+00
   40   0.7473345E+01   0.6166822E+01  -0.3331568E+00
   41   0.5886952E+01   0.7334737E+01   0.2707580E+00
   42   0.8074353E+01   0.6764439E+01  -0.2222783E+01
   43   0.9050391E+01   0.6419900E+01   0.9821737E+00
 Initial ssvpot =    15.661


 Number of unique UNfrozen centers=   11

 Non-linear optimization requested.
 qchnge =    0.4063324801E-01
 qchnge =    0.4005166287E-02
 qchnge =    0.7833828068E-03
 qchnge =    0.1692811768E-03
 qchnge =    0.4085989135E-04
 qchnge =    0.1046574939E-04
 qchnge =    0.2748187362E-05
 qchnge =    0.7285425583E-06

 Convergence in    7 iterations


KM3                                                                             

          Point Charges Before & After Optimization

    no.  At.no.    q(init)       q(opt)     ivary    d(rstr)/dq
    1   6      -0.366200      -0.366200     -1       0.001317
    2   1       0.112300       0.112300     -1       0.000000
    3   1       0.112300       0.112300     -1       0.000000
    4   1       0.112300       0.112300     -1       0.000000
    5   6       0.597200       0.597200     -1       0.000826
    6   8      -0.567900      -0.567900     -1       0.000867
    7   7      -0.415700      -0.415700     -1       0.001169
    8   1       0.271900       0.271900     -1       0.000000
    9   6       0.033700       0.033700     -1       0.004738
   10   6       0.597200       0.597200     -1       0.000826
   11   8      -0.567900      -0.567900     -1       0.000867
   12   6       0.000000       0.005726      0       0.004992
   13   6       0.000000      -0.049889      0       0.004474
   14   6       0.000000       0.028173      0       0.004813
   15   6       0.000000      -0.061375      0       0.004261
   16   7       0.000000       0.061208      0       0.004264
   17   6       0.000000      -0.335569      0       0.001428
   18   6       0.000000      -0.335569     17       0.001428
   19   6       0.000000      -0.335569     17       0.001428
   20   1       0.080800       0.080800     -1       0.000000
   21   1       0.000000       0.025980      0       0.000000
   22   1       0.000000       0.025980     21       0.000000
   23   1       0.000000       0.035394      0       0.000000
   24   1       0.000000       0.035394     23       0.000000
   25   1       0.000000       0.026238      0       0.000000
   26   1       0.000000       0.026238     25       0.000000
   27   1       0.000000       0.107415      0       0.000000
   28   1       0.000000       0.107415     27       0.000000
   29   1       0.000000       0.181423      0       0.000000
   30   1       0.000000       0.181423     29       0.000000
   31   1       0.000000       0.181423     29       0.000000
   32   1       0.000000       0.181423     29       0.000000
   33   1       0.000000       0.181423     29       0.000000
   34   1       0.000000       0.181423     29       0.000000
   35   1       0.000000       0.181423     29       0.000000
   36   1       0.000000       0.181423     29       0.000000
   37   1       0.000000       0.181423     29       0.000000
   38   7      -0.415700      -0.415700     -1       0.001169
   39   1       0.271900       0.271900     -1       0.000000
   40   6      -0.149000      -0.149000     -1       0.002786
   41   1       0.097600       0.097600     -1       0.000000
   42   1       0.097600       0.097600     -1       0.000000
   43   1       0.097600       0.097600     -1       0.000000

 Sum over the calculated charges:      1.000

        Statistics of the fitting:
  The initial sum of squares (ssvpot)                     15.661
  The residual sum of squares (chipot)                     0.011
  The std err of estimate (sqrt(chipot/N))               0.00261
  ESP relative RMS (SQRT(chipot/ssvpot))                 0.02638

 Center of Mass (Angst.):

 X  =   0.00000      Y  =   0.00000      Z  =   0.00000

 Dipole (Debye):

 X  = -14.77321      Y  =  -0.21305      Z  =   2.32164

 Dipole Moment (Debye)=  14.95604

 Quadrupole (Debye*Angst.):

 Qxx = 253.76442     QYY =-137.55163     QZZ =-116.21279
 Qxy =-132.53767     QXZ =-125.78832     QYZ =-181.66501
