
 -----------------------------------------------
      Restrained ESP Fit 2.3  Amber 4.1
 -----------------------------------------------
 capped-resp run #1                                                              
 -----------------------------------------------


 inopt       =     0   ioutopt     =     0
 nmol        =     1   iqopt       =     2
 ihfree      =     1   irstrnt     =     1
 iunits      =     0   qwt         =   0.00050000
 wtmol(1) =     1.000000
 subtitle:

KM3                                                                             
ich =   2  iuniq =  39
    1    7    0
    2    6   -1
    3    6   -1
    4    8   -1
    5    6    0
    6    6    0
    7    6    0
    8    6    0
    9    7    0
   10    6    0
   11    6   10
   12    6   10
   13    1    0
   14    1   -1
   15    1    0
   16    1   15
   17    1    0
   18    1   17
   19    1    0
   20    1   19
   21    1    0
   22    1   21
   23    1   13
   24    1   13
   25    1    0
   26    1   25
   27    1   25
   28    1   25
   29    1   25
   30    1   25
   31    1   25
   32    1   25
   33    1   25
   34    7   -1
   35    1   -1
   36    6   -1
   37    1   -1
   38    1   -1
   39    1   -1
 new q0 values to be read  39

  ----------------------------------------------------------------------------
     ATOM                       COORDINATES                         CHARGE
                       X             Y                Z
  ----------------------------------------------------------------------------
  ----------------------------------------------------------------------------


 Charge on the molecule(ich) =    2
 Total number of atoms (iuniq)     =   39
 Weight factor on initial charge restraints(qwt)=     0.50000D-03


  there are  1 charge constraints:


     1       1
     2       1
     3       1
     4       1
     5       1
     6       1
     7       1
     8       1
     9       1
    10       1
    11       1
    12       1
    13       1
    14       1
    15       1
    16       1
    17       1
    18       1
    19       1
    20       1
    21       1
    22       1
    23       1
    24       1
    25       1
    26       1
    27       1
    28       1
    29       1
    30       1
    31       1
    32       1
    33       1
    34       1
    35       1
    36       1
    37       1
    38       1
    39       1

 Reading esp"s for molecule   1
 total number of atoms      =    39
 total number of esp points =  1410


 center     X       Y       Z 
    1   0.6623214E+01  -0.4004261E+01  -0.9597162E-01
    2   0.4891703E+01  -0.1912582E+01  -0.1034326E+01
    3   0.6088822E+01   0.4619568E+00   0.2233769E+00
    4   0.7097599E+01   0.1245141E+00   0.2296892E+01
    5   0.2192744E+01  -0.2454953E+01  -0.6860461E-01
    6   0.2033553E+00  -0.5006357E+00  -0.9030434E+00
    7  -0.2451872E+01  -0.1198870E+01   0.9365293E-01
    8  -0.4389446E+01   0.7892214E+00  -0.7330455E+00
    9  -0.7123551E+01   0.3629219E+00   0.1201072E+00
   10  -0.8697668E+01   0.2528956E+01  -0.8910171E+00
   11  -0.8165750E+01  -0.2080099E+01  -0.9248678E+00
   12  -0.7329678E+01   0.3439037E+00   0.2967040E+01
   13   0.7243112E+01  -0.3321989E+01   0.1665160E+01
   14   0.4977406E+01  -0.1888337E+01  -0.3098419E+01
   15   0.1624125E+01  -0.4329888E+01  -0.7557335E+00
   16   0.2257196E+01  -0.2541808E+01   0.2003093E+01
   17   0.7332099E+00   0.1376820E+01  -0.2055153E+00
   18   0.1581833E+00  -0.3916665E+00  -0.2975436E+01
   19  -0.2972042E+01  -0.3068822E+01  -0.6279862E+00
   20  -0.2376319E+01  -0.1328827E+01   0.2158829E+01
   21  -0.3872113E+01   0.2652820E+01  -0.3550795E-02
   22  -0.4471141E+01   0.9116019E+00  -0.2794990E+01
   23   0.5748701E+01  -0.5723400E+01   0.9224886E-01
   24   0.8189628E+01  -0.4241029E+01  -0.1218002E+01
   25  -0.9322389E+01   0.2129324E+00   0.3478634E+01
   26  -0.6319240E+01  -0.1283037E+01   0.3721908E+01
   27  -0.6532206E+01   0.2094975E+01   0.3708918E+01
   28  -0.1065437E+02   0.2257212E+01  -0.3027020E+00
   29  -0.7973856E+01   0.4300304E+01  -0.1237770E+00
   30  -0.8578969E+01   0.2541908E+01  -0.2949182E+01
   31  -0.1015807E+02  -0.2214870E+01  -0.4127483E+00
   32  -0.7972204E+01  -0.2067872E+01  -0.2977936E+01
   33  -0.7140243E+01  -0.3670634E+01  -0.1147253E+00
   34   0.5895293E+01   0.2666398E+01  -0.9979284E+00
   35   0.5206836E+01   0.2678637E+01  -0.2783317E+01
   36   0.6978087E+01   0.5030657E+01  -0.1854766E-01
   37   0.5577685E+01   0.6541419E+01  -0.1504279E+00
   38   0.8656566E+01   0.5550675E+01  -0.1106601E+01
   39   0.7503250E+01   0.4736012E+01   0.1949961E+01
 Initial ssvpot =    58.919


 Number of unique UNfrozen centers=   13

 Non-linear optimization requested.
 qchnge =    0.4678022912E-01
 qchnge =    0.4014390114E-02
 qchnge =    0.8061990766E-03
 qchnge =    0.2068315593E-03
 qchnge =    0.6206637264E-04
 qchnge =    0.2088553524E-04
 qchnge =    0.7744687383E-05
 qchnge =    0.3105292130E-05
 qchnge =    0.1313435307E-05
 qchnge =    0.5731806051E-06

 Convergence in    9 iterations


KM3                                                                             

          Point Charges Before & After Optimization

    no.  At.no.    q(init)       q(opt)     ivary    d(rstr)/dq
    1   7       0.000000      -0.401583      0       0.001208
    2   6       0.033700       0.033700     -1       0.004738
    3   6       0.597200       0.597200     -1       0.000826
    4   8      -0.567900      -0.567900     -1       0.000867
    5   6       0.000000       0.501121      0       0.000978
    6   6       0.000000      -0.083046      0       0.003846
    7   6       0.000000      -0.284896      0       0.001656
    8   6       0.000000      -0.234999      0       0.001958
    9   7       0.000000       0.031188      0       0.004773
   10   6       0.000000      -0.367689      0       0.001312
   11   6       0.000000      -0.367689     10       0.001312
   12   6       0.000000      -0.367689     10       0.001312
   13   1       0.000000       0.345614      0       0.000000
   14   1       0.080800       0.080800     -1       0.000000
   15   1       0.000000      -0.128507      0       0.000000
   16   1       0.000000      -0.128507     15       0.000000
   17   1       0.000000       0.074437      0       0.000000
   18   1       0.000000       0.074437     17       0.000000
   19   1       0.000000       0.135152      0       0.000000
   20   1       0.000000       0.135152     19       0.000000
   21   1       0.000000       0.182376      0       0.000000
   22   1       0.000000       0.182376     21       0.000000
   23   1       0.000000       0.345614     13       0.000000
   24   1       0.000000       0.345614     13       0.000000
   25   1       0.000000       0.207525      0       0.000000
   26   1       0.000000       0.207525     25       0.000000
   27   1       0.000000       0.207525     25       0.000000
   28   1       0.000000       0.207525     25       0.000000
   29   1       0.000000       0.207525     25       0.000000
   30   1       0.000000       0.207525     25       0.000000
   31   1       0.000000       0.207525     25       0.000000
   32   1       0.000000       0.207525     25       0.000000
   33   1       0.000000       0.207525     25       0.000000
   34   7      -0.415700      -0.415700     -1       0.001169
   35   1       0.271900       0.271900     -1       0.000000
   36   6      -0.149000      -0.149000     -1       0.002786
   37   1       0.097600       0.097600     -1       0.000000
   38   1       0.097600       0.097600     -1       0.000000
   39   1       0.097600       0.097600     -1       0.000000

 Sum over the calculated charges:      2.000

        Statistics of the fitting:
  The initial sum of squares (ssvpot)                     58.919
  The residual sum of squares (chipot)                     0.049
  The std err of estimate (sqrt(chipot/N))               0.00590
  ESP relative RMS (SQRT(chipot/ssvpot))                 0.02885

 Center of Mass (Angst.):

 X  =   0.00000      Y  =   0.00000      Z  =   0.00000

 Dipole (Debye):

 X  =  -4.58352      Y  =  -5.93031      Z  =  -4.06859

 Dipole Moment (Debye)=   8.52823

 Quadrupole (Debye*Angst.):

 Qxx = 208.02292     QYY = -65.74024     QZZ =-142.28268
 Qxy =-274.33268     QXZ =-234.85818     QYZ =-191.21702
