[21:38:10] Phase 1 -- craft-run
============================================================
Step 1 -- Cap termini  [cterm]
============================================================
Input : KME3.pdb  (34 atoms, residue KM3)
  N-terminus : NH3+ -- zwitterionic free amino acid
  C-terminus : COO- -- has O1 (1 extra O), free amino acid C-terminus
  Position   : cterm
  Action     : remove 3 H(s) on N, add amide-H, add ACE (C-terminus free)
Output: KM3/cterm/KM3_cterm_capped.pdb
  ACE  resSeq=1 :  6 atoms
  KM3  resSeq=2 : 32 atoms
  Total         : 38 atoms

============================================================
Step 2 -- Geometry-optimisation Gaussian input
============================================================
Input  : KM3/cterm/KM3_cterm_capped.pdb  (38 atoms)
Output : KM3/cterm/KM3_cterm_opt.com
  Charge / mult : 0 / 1
  Checkpoint    : KM3_cterm_opt.chk
  nproc / mem   : 16 / 512MB

============================================================
Steps 3-5 -- RESP and prepgen inputs
============================================================
  resp.in  : KM3/cterm/resp.in  (38 atoms, 30 sidechain free)
  resp.qin : KM3/cterm/resp.qin  (38 charges, 30 sidechain free)
  KM3_cterm.mc    : HEAD=N CA=CA omit 6 cap atoms

All Phase 1 outputs written to: KM3/cterm/

Next steps:
  1. Submit KM3/cterm/KM3_cterm_opt.com to HPC
  2. Copy KM3_cterm_opt.log into KM3/cterm/, then:
       craft-hf-input KM3/cterm/KM3_cterm_opt.log
  3. Submit KM3/cterm/KM3_cterm_hf.com to HPC
  4. Copy KM3_cterm_hf.log into KM3/cterm/, then:
       craft-amber KM3/cterm/KM3_cterm_hf.log

  Residue 'KM3'  position 'cterm'  read from KME3.pdb
[21:38:10] Phase 2a -- geometry optimisation (KM3_cterm_opt.com)
[21:57:43] Phase 2b -- craft-hf-input
Parsing optimised geometry from KM3/cterm/KM3_cterm_opt.log ...
  Found 38 atoms in final Standard orientation block
Writing HF/6-31G(d) single-point input ...
Output : KM3/cterm/KM3_cterm_hf.com
  Charge / mult : 0 / 1
  Checkpoint    : KM3_cterm_hf.chk
  nproc / mem   : 16 / 512MB
  Atoms         : 38
[21:57:43] Phase 2c -- HF single-point (KM3_cterm_hf.com)
[21:57:55] Phase 3 -- craft-amber
Residue  : KM3  (charge +0)
Position : cterm
Log      : KM3/cterm/KM3_cterm_hf.log
MC file  : KM3/cterm/KM3_cterm.mc


-- espgen ------------------------------------------------------------
  $ espgen -i KM3/cterm/KM3_cterm_hf.log -o esp.dat


-- resp --------------------------------------------------------------
  $ resp -O -i resp.in -o resp.out -p resp.pch -t resp.chg -q resp.qin -e esp.dat

-- antechamber -------------------------------------------------------
  $ antechamber -fi gout -i KM3/cterm/KM3_cterm_hf.log -bk KM3 -fo ac -o KM3_cterm.ac -c rc -cf resp.chg -at amber -nc 0
Info: acdoctor mode is on: check and diagnose problems in the input file.
Info: The atom type is set to amber; the options available to the -at flag are
      gaff, gaff2, amber, bcc, abcg2, and sybyl.

-- Check Format for Gaussian Output File --
   Status: pass

-- remap atom names -------------------------------------------------
  Remapped 38 atom names in KM3_cterm.ac

-- prepgen -----------------------------------------------------------
  $ prepgen -i KM3_cterm.ac -o KM3_cterm.prepin -m KM3_cterm.mc -rn KM3

PRE_HEAD_TYPE is     C
Net charge of truncated molecule is     0.00
HEAD_ATOM      7    N
MAIN_CHAIN     1    7    N
MAIN_CHAIN     2    9   CA
OMIT_ATOM      1    1  CH3
OMIT_ATOM      2    2  H11
OMIT_ATOM      3    3  H21
OMIT_ATOM      4    4  H31
OMIT_ATOM      5    5   C4
OMIT_ATOM      6    6   O2
Number of mainchain atoms (including head and tail atom):     2
Number of omited atoms:     6

-- parmchk2 (GAFF) ---------------------------------------------------
  $ parmchk2 -i KM3_cterm.ac -f ac -o KM3_cterm_gaff.frcmod

-- parmchk2 (ff14SB) -------------------------------------------------
  $ parmchk2 -i KM3_cterm.ac -f ac -o KM3_cterm_ff14SB.frcmod -a Y -p $AMBERHOME/dat/leap/parm/parm10.dat

Done. Output files in KM3/cterm:
  [ok]  KM3_cterm.ac
  [ok]  KM3_cterm.prepin
  [ok]  KM3_cterm_gaff.frcmod
  [ok]  KM3_cterm_ff14SB.frcmod
[21:57:55] Done. Output files in KM3/cterm
