
 -----------------------------------------------
      Restrained ESP Fit 2.3  Amber 4.1
 -----------------------------------------------
 capped-resp run #1                                                              
 -----------------------------------------------


 inopt       =     0   ioutopt     =     0
 nmol        =     1   iqopt       =     2
 ihfree      =     1   irstrnt     =     1
 iunits      =     0   qwt         =   0.00050000
 wtmol(1) =     1.000000
 subtitle:

KM3                                                                             
ich =   0  iuniq =  38
    1    6   -1
    2    1   -1
    3    1   -1
    4    1   -1
    5    6   -1
    6    8   -1
    7    7   -1
    8    1   -1
    9    6   -1
   10    6    0
   11    8    0
   12    6    0
   13    6    0
   14    6    0
   15    6    0
   16    7    0
   17    6    0
   18    6   17
   19    6   17
   20    8   11
   21    1   -1
   22    1    0
   23    1   22
   24    1    0
   25    1   24
   26    1    0
   27    1   26
   28    1    0
   29    1   28
   30    1    0
   31    1   30
   32    1   30
   33    1   30
   34    1   30
   35    1   30
   36    1   30
   37    1   30
   38    1   30
 new q0 values to be read  38

  ----------------------------------------------------------------------------
     ATOM                       COORDINATES                         CHARGE
                       X             Y                Z
  ----------------------------------------------------------------------------
  ----------------------------------------------------------------------------


 Charge on the molecule(ich) =    0
 Total number of atoms (iuniq)     =   38
 Weight factor on initial charge restraints(qwt)=     0.50000D-03


  there are  1 charge constraints:


     1       1
     2       1
     3       1
     4       1
     5       1
     6       1
     7       1
     8       1
     9       1
    10       1
    11       1
    12       1
    13       1
    14       1
    15       1
    16       1
    17       1
    18       1
    19       1
    20       1
    21       1
    22       1
    23       1
    24       1
    25       1
    26       1
    27       1
    28       1
    29       1
    30       1
    31       1
    32       1
    33       1
    34       1
    35       1
    36       1
    37       1
    38       1

 Reading esp"s for molecule   1
 total number of atoms      =    38
 total number of esp points =  1334


 center     X       Y       Z 
    1   0.9676901E+01  -0.1525772E+01  -0.1106527E+01
    2   0.9027223E+01  -0.2919708E+01  -0.2490188E+01
    3   0.1083935E+02  -0.2485035E+01   0.3111490E+00
    4   0.1088415E+02  -0.1403235E+00  -0.2055534E+01
    5   0.7537656E+01  -0.1354575E+00   0.2346870E+00
    6   0.7966610E+01   0.1550248E+01   0.1776737E+01
    7   0.5169905E+01  -0.9143326E+00  -0.3742886E+00
    8   0.4860307E+01  -0.2212676E+01  -0.1745716E+01
    9   0.2870577E+01   0.1617227E+00   0.7054687E+00
   10   0.7475567E+00  -0.1835890E+01   0.3776769E+00
   11   0.5023156E+00  -0.2714848E+01  -0.1823703E+01
   12   0.2276952E+01   0.2691414E+01  -0.6576643E+00
   13  -0.1814779E+00   0.4108438E+01   0.2454565E-01
   14  -0.2635331E+01   0.2948643E+01  -0.1125158E+01
   15  -0.4160228E+01   0.1603981E+01   0.9258410E+00
   16  -0.6112035E+01  -0.3795496E+00   0.2659411E-01
   17  -0.6475380E+01  -0.2198413E+01   0.2192364E+01
   18  -0.8556855E+01   0.8868957E+00  -0.6147184E+00
   19  -0.5224293E+01  -0.1890312E+01  -0.2232346E+01
   20  -0.6123449E+00  -0.2302501E+01   0.2284110E+01
   21   0.3194209E+01   0.5125920E+00   0.2714317E+01
   22   0.3879609E+01   0.3944531E+01  -0.2711662E+00
   23   0.2281113E+01   0.2311611E+01  -0.2696992E+01
   24  -0.3597604E+00   0.4273596E+01   0.2087138E+01
   25   0.3172850E-02   0.6049682E+01  -0.6745358E+00
   26  -0.3768871E+01   0.4423359E+01  -0.2043206E+01
   27  -0.2060790E+01   0.1605007E+01  -0.2582269E+01
   28  -0.2865811E+01   0.5366708E+00   0.2125721E+01
   29  -0.5246979E+01   0.2940578E+01   0.2071761E+01
   30  -0.6569084E+01  -0.3434832E+01  -0.2494282E+01
   31  -0.5254094E+01  -0.6714234E+00  -0.3893183E+01
   32  -0.3300610E+01  -0.2613323E+01  -0.1910394E+01
   33  -0.7941810E+01  -0.3557995E+01   0.1680210E+01
   34  -0.4641774E+01  -0.3105479E+01   0.2509876E+01
   35  -0.7053521E+01  -0.1125933E+01   0.3858303E+01
   36  -0.9894152E+01  -0.5254383E+00  -0.1304710E+01
   37  -0.9312005E+01   0.1798938E+01   0.1074534E+01
   38  -0.8214063E+01   0.2298083E+01  -0.2079160E+01
 Initial ssvpot =     1.518


 Number of unique UNfrozen centers=   13

 Non-linear optimization requested.
 qchnge =    0.4248446759E-01
 qchnge =    0.5189995897E-02
 qchnge =    0.1477759047E-02
 qchnge =    0.5291243796E-03
 qchnge =    0.2091912235E-03
 qchnge =    0.8569864091E-04
 qchnge =    0.3551321916E-04
 qchnge =    0.1477112060E-04
 qchnge =    0.6151161214E-05
 qchnge =    0.2562503606E-05
 qchnge =    0.1067625204E-05
 qchnge =    0.4448190697E-06

 Convergence in   11 iterations


KM3                                                                             

          Point Charges Before & After Optimization

    no.  At.no.    q(init)       q(opt)     ivary    d(rstr)/dq
    1   6      -0.366200      -0.366200     -1       0.001317
    2   1       0.112300       0.112300     -1       0.000000
    3   1       0.112300       0.112300     -1       0.000000
    4   1       0.112300       0.112300     -1       0.000000
    5   6       0.597200       0.597200     -1       0.000826
    6   8      -0.567900      -0.567900     -1       0.000867
    7   7      -0.415700      -0.415700     -1       0.001169
    8   1       0.271900       0.271900     -1       0.000000
    9   6       0.033700       0.033700     -1       0.004738
   10   6       0.000000       0.457477      0       0.001068
   11   8       0.000000      -0.574056      0       0.000858
   12   6       0.000000      -0.168927      0       0.002547
   13   6       0.000000       0.148915      0       0.002787
   14   6       0.000000      -0.288296      0       0.001638
   15   6       0.000000      -0.045573      0       0.004550
   16   7       0.000000       0.012639      0       0.004961
   17   6       0.000000      -0.073155      0       0.004035
   18   6       0.000000      -0.073155     17       0.004035
   19   6       0.000000      -0.073155     17       0.004035
   20   8       0.000000      -0.574056     11       0.000858
   21   1       0.080800       0.080800     -1       0.000000
   22   1       0.000000       0.050668      0       0.000000
   23   1       0.000000       0.050668     22       0.000000
   24   1       0.000000       0.003766      0       0.000000
   25   1       0.000000       0.003766     24       0.000000
   26   1       0.000000       0.106651      0       0.000000
   27   1       0.000000       0.106651     26       0.000000
   28   1       0.000000       0.098862      0       0.000000
   29   1       0.000000       0.098862     28       0.000000
   30   1       0.000000       0.084528      0       0.000000
   31   1       0.000000       0.084528     30       0.000000
   32   1       0.000000       0.084528     30       0.000000
   33   1       0.000000       0.084528     30       0.000000
   34   1       0.000000       0.084528     30       0.000000
   35   1       0.000000       0.084528     30       0.000000
   36   1       0.000000       0.084528     30       0.000000
   37   1       0.000000       0.084528     30       0.000000
   38   1       0.000000       0.084528     30       0.000000

 Sum over the calculated charges:     -0.000

        Statistics of the fitting:
  The initial sum of squares (ssvpot)                      1.518
  The residual sum of squares (chipot)                     0.008
  The std err of estimate (sqrt(chipot/N))               0.00252
  ESP relative RMS (SQRT(chipot/ssvpot))                 0.07457

 Center of Mass (Angst.):

 X  =   0.00000      Y  =   0.00000      Z  =   0.00000

 Dipole (Debye):

 X  = -11.71102      Y  =   1.83488      Z  =  -2.79903

 Dipole Moment (Debye)=  12.17987

 Quadrupole (Debye*Angst.):

 Qxx =  71.34279     QYY = -35.45283     QZZ = -35.88996
 Qxy = -73.07871     QXZ = -71.48901     QYZ = -44.46219
